    OpenRGB v0.7
    Commit:  from 
    Launched: 20220813_210944
====================================================================================================

0     |Info:    Found file: My-Keyboard.orp attempting to validate header
0     |Info:    Valid v3 profile found for My-Keyboard
1002  |Info:    ------------------------------------------------------
1002  |Info:    |               Start device detection               |
1002  |Info:    ------------------------------------------------------
1002  |Info:    Initializing HID interfaces: Success
1004  |Info:    ------------------------------------------------------
1004  |Info:    |             Detecting I2C interfaces               |
1004  |Info:    ------------------------------------------------------
1004  |Info:    Registering I2C interface: /dev/i2c-0 Device 8086:7113 Subsystem: 0000:0000
1004  |Info:    ------------------------------------------------------
1004  |Info:    |               Detecting I2C devices                |
1004  |Info:    ------------------------------------------------------
1004  |Info:    ------------------------------------------------------
1004  |Info:    |               Detecting HID devices                |
1004  |Info:    ------------------------------------------------------
1004  |Info:    ------------------------------------------------------
1004  |Info:    |              Detecting other devices               |
1004  |Info:    ------------------------------------------------------
1007  |Info:    ------------------------------------------------------
1007  |Info:    |                Detection completed                 |
1007  |Info:    ------------------------------------------------------
2286  |Info:    Loading plugins
