    OpenRGB v0.7
    Commit:  from 
    Launched: 20220808_224348
====================================================================================================

18    |Info:    Found file: My-Keyboard.orp attempting to validate header
19    |Info:    Valid v3 profile found for My-Keyboard
1025  |Info:    ------------------------------------------------------
1025  |Info:    |               Start device detection               |
1025  |Info:    ------------------------------------------------------
1025  |Info:    Initializing HID interfaces: Success
1026  |Info:    ------------------------------------------------------
1026  |Info:    |             Detecting I2C interfaces               |
1026  |Info:    ------------------------------------------------------
1026  |Info:    Registering I2C interface: /dev/i2c-0 Device 8086:7113 Subsystem: 0000:0000
1026  |Info:    ------------------------------------------------------
1026  |Info:    |               Detecting I2C devices                |
1026  |Info:    ------------------------------------------------------
1026  |Info:    ------------------------------------------------------
1026  |Info:    |               Detecting HID devices                |
1026  |Info:    ------------------------------------------------------
1026  |Info:    ------------------------------------------------------
1026  |Info:    |              Detecting other devices               |
1026  |Info:    ------------------------------------------------------
1029  |Info:    ------------------------------------------------------
1029  |Info:    |                Detection completed                 |
1029  |Info:    ------------------------------------------------------
2460  |Info:    Loading plugins
