    OpenRGB v0.7
    Commit:  from 
    Launched: 20220813_160704
====================================================================================================

0     |Info:    Found file: My-Keyboard.orp attempting to validate header
9     |Info:    Valid v3 profile found for My-Keyboard
1040  |Info:    ------------------------------------------------------
1040  |Info:    |               Start device detection               |
1040  |Info:    ------------------------------------------------------
1040  |Info:    Initializing HID interfaces: Success
1041  |Info:    ------------------------------------------------------
1041  |Info:    |             Detecting I2C interfaces               |
1041  |Info:    ------------------------------------------------------
1042  |Info:    Registering I2C interface: /dev/i2c-0 Device 8086:7113 Subsystem: 0000:0000
1042  |Info:    ------------------------------------------------------
1042  |Info:    |               Detecting I2C devices                |
1042  |Info:    ------------------------------------------------------
1042  |Info:    ------------------------------------------------------
1042  |Info:    |               Detecting HID devices                |
1042  |Info:    ------------------------------------------------------
1042  |Info:    ------------------------------------------------------
1042  |Info:    |              Detecting other devices               |
1042  |Info:    ------------------------------------------------------
1044  |Info:    ------------------------------------------------------
1044  |Info:    |                Detection completed                 |
1044  |Info:    ------------------------------------------------------
2575  |Info:    Loading plugins
