    OpenRGB v0.7
    Commit:  from 
    Launched: 20220808_204849
====================================================================================================

0     |Info:    Found file: My-Keyboard.orp attempting to validate header
0     |Info:    Valid v3 profile found for My-Keyboard
1002  |Info:    ------------------------------------------------------
1002  |Info:    |               Start device detection               |
1002  |Info:    ------------------------------------------------------
1002  |Info:    Initializing HID interfaces: Success
1010  |Info:    ------------------------------------------------------
1010  |Info:    |             Detecting I2C interfaces               |
1010  |Info:    ------------------------------------------------------
1010  |Info:    Registering I2C interface: /dev/i2c-3 Device 1002:67DF Subsystem: 1DA2:E366
1010  |Info:    Registering I2C interface: /dev/i2c-1 Device 1002:67DF Subsystem: 1DA2:E366
1010  |Info:    Registering I2C interface: /dev/i2c-6 Device 0000:0000 Subsystem: 0000:0000
1010  |Info:    Registering I2C interface: /dev/i2c-4 Device 1002:67DF Subsystem: 1DA2:E366
1010  |Info:    Registering I2C interface: /dev/i2c-2 Device 1002:67DF Subsystem: 1DA2:E366
1010  |Info:    Registering I2C interface: /dev/i2c-0 Device 1002:67DF Subsystem: 1DA2:E366
1010  |Info:    Registering I2C interface: /dev/i2c-7 Device 8086:A2A3 Subsystem: 1458:5001
1010  |Info:    Registering I2C interface: /dev/i2c-5 Device 0000:0000 Subsystem: 0000:0000
1010  |Info:    ------------------------------------------------------
1010  |Info:    |               Detecting I2C devices                |
1010  |Info:    ------------------------------------------------------
1282  |Info:    ------------------------------------------------------
1282  |Info:    |               Detecting HID devices                |
1282  |Info:    ------------------------------------------------------
1282  |Info:    [Logitech G203 Prodigy] Registering RGB controller
1282  |Info:    Unable to open all device report endpoints, unable to add device
1288  |Info:    [Razer Cynosa Chroma] Registering RGB controller
1288  |Info:    ------------------------------------------------------
1288  |Info:    |              Detecting other devices               |
1288  |Info:    ------------------------------------------------------
1293  |Info:    ------------------------------------------------------
1293  |Info:    |                Detection completed                 |
1293  |Info:    ------------------------------------------------------
